<?xml version="1.0" encoding="UTF-8"?>
<!-- Generated by org.testng.reporters.JUnitReportReporter -->
<testsuite skipped="0" hostname="Anmol-Arora.local" name="First.First" tests="1" failures="0" timestamp="14 Nov 2017 07:55:00 GMT" time="3.769" errors="0">
  <testcase name="FirstSanity" time="3.769" classname="First.First"/>
</testsuite> <!-- First.First -->
